<?xml version="1.0" encoding="UTF-8"?>
<!-- Generated by org.testng.reporters.JUnitReportReporter -->
<testsuite skipped="0" hostname="DESKTOP-QH7MF66" name="com.newtours.Tests.BookFlightTest" tests="15" failures="0" timestamp="08 Apr 2020 10:43:03 GMT" time="127.284" errors="0">
  <testcase name="flightDetailsPage" time="1.895" classname="com.newtours.Tests.BookFlightTest"/>
  <testcase name="flightConfirmationPage" time="4.941" classname="com.newtours.Tests.BookFlightTest"/>
  <testcase name="findFlightpage" time="5.261" classname="com.newtours.Tests.BookFlightTest"/>
  <testcase name="registrationConfirmationPage" time="1.312" classname="com.newtours.Tests.BookFlightTest"/>
  <testcase name="flightDetailsPage" time="1.952" classname="com.newtours.Tests.BookFlightTest"/>
  <testcase name="findFlightpage" time="5.191" classname="com.newtours.Tests.BookFlightTest"/>
  <testcase name="registrationPageTest" time="30.921" classname="com.newtours.Tests.BookFlightTest"/>
  <testcase name="registrationConfirmationPage" time="1.590" classname="com.newtours.Tests.BookFlightTest"/>
  <testcase name="flightConfirmationPage" time="3.043" classname="com.newtours.Tests.BookFlightTest"/>
  <testcase name="registrationPageTest" time="31.002" classname="com.newtours.Tests.BookFlightTest"/>
  <testcase name="findFlightpage" time="4.312" classname="com.newtours.Tests.BookFlightTest"/>
  <testcase name="flightConfirmationPage" time="1.739" classname="com.newtours.Tests.BookFlightTest"/>
  <testcase name="registrationPageTest" time="30.865" classname="com.newtours.Tests.BookFlightTest"/>
  <testcase name="flightDetailsPage" time="1.896" classname="com.newtours.Tests.BookFlightTest"/>
  <testcase name="registrationConfirmationPage" time="1.364" classname="com.newtours.Tests.BookFlightTest"/>
</testsuite> <!-- com.newtours.Tests.BookFlightTest -->
