<?xml version="1.0" encoding="UTF-8"?>
<!-- Generated by org.testng.reporters.JUnitReportReporter -->
<testsuite skipped="0" hostname="DESKTOP-QH7MF66" name="com.searchmodule.tests.SearchTest" tests="3" failures="0" timestamp="08 Apr 2020 10:43:03 GMT" time="39.946" errors="0">
  <testcase name="search" time="12.761" classname="com.searchmodule.tests.SearchTest"/>
  <testcase name="search" time="14.311" classname="com.searchmodule.tests.SearchTest"/>
  <testcase name="search" time="12.874" classname="com.searchmodule.tests.SearchTest"/>
</testsuite> <!-- com.searchmodule.tests.SearchTest -->
